<?xml version="1.0" encoding="UTF-8"?>
<!-- Generated by org.testng.reporters.JUnitXMLReporter -->
<testsuite ignored="0" hostname="aravindhan" failures="1" tests="2" name="Test2" time="264.438" errors="0" timestamp="2024-10-15T20:10:47 IST">
  <testcase classname="TestCases.TC_AccountRegTest" name="regester" time="43.622"/>
  <testcase classname="TestCases.TC002_login" name="verificyLogin" time="15.408">
    <failure type="java.lang.AssertionError" message="expected [true] but found [false]">
      <![CDATA[java.lang.AssertionError: expected [true] but found [false]
at TestCases.TC002_login.verificyLogin(TC002_login.java:33)
at java.base/java.util.ArrayList.forEach(ArrayList.java:1597)
at java.base/java.util.concurrent.FutureTask.run(FutureTask.java:317)
at java.base/java.util.concurrent.ThreadPoolExecutor.runWorker(ThreadPoolExecutor.java:1144)
at java.base/java.util.concurrent.ThreadPoolExecutor$Worker.run(ThreadPoolExecutor.java:642)
at java.base/java.lang.Thread.run(Thread.java:1570)
... Removed 19 stack frames]]>
    </failure>
  </testcase> <!-- verificyLogin -->
</testsuite> <!-- Test2 -->
