<?xml version="1.0" encoding="UTF-8"?>
<testng-results ignored="0" total="2" passed="2" failed="0" skipped="0">
  <reporter-output>
  </reporter-output>
  <suite started-at="2024-10-22T10:17:11 IST" name="Suite" finished-at="2024-10-22T10:18:26 IST" duration-ms="74785">
    <groups>
      <group name="Master">
        <method signature="TC002_login.verificyLogin()[pri:0, instance:TestCases.TC002_login@63f8276e]" name="verificyLogin" class="TestCases.TC002_login"/>
        <method signature="TC_AccountRegTest.regester()[pri:0, instance:TestCases.TC_AccountRegTest@3da05287]" name="regester" class="TestCases.TC_AccountRegTest"/>
      </group> <!-- Master -->
      <group name="Regression">
        <method signature="TC_AccountRegTest.regester()[pri:0, instance:TestCases.TC_AccountRegTest@3da05287]" name="regester" class="TestCases.TC_AccountRegTest"/>
      </group> <!-- Regression -->
      <group name="sanity">
        <method signature="TC002_login.verificyLogin()[pri:0, instance:TestCases.TC002_login@63f8276e]" name="verificyLogin" class="TestCases.TC002_login"/>
      </group> <!-- sanity -->
    </groups>
    <test started-at="2024-10-22T10:17:11 IST" name="Test1" finished-at="2024-10-22T10:18:26 IST" duration-ms="74785">
      <class name="TestCases.TC002_login">
        <test-method is-config="true" signature="setup(java.lang.String,java.lang.String)[pri:0, instance:TestCases.TC002_login@63f8276e]" started-at="2024-10-22T10:18:01 IST" name="setup" finished-at="2024-10-22T10:18:19 IST" duration-ms="18075" status="PASS">
          <params>
            <param index="0">
              <value>
                <![CDATA[windows]]>
              </value>
            </param>
            <param index="1">
              <value>
                <![CDATA[chrome]]>
              </value>
            </param>
          </params>
          <reporter-output>
          </reporter-output>
        </test-method> <!-- setup -->
        <test-method signature="verificyLogin()[pri:0, instance:TestCases.TC002_login@63f8276e]" started-at="2024-10-22T10:18:19 IST" name="verificyLogin" finished-at="2024-10-22T10:18:25 IST" duration-ms="5989" status="PASS">
          <reporter-output>
          </reporter-output>
        </test-method> <!-- verificyLogin -->
        <test-method is-config="true" signature="close()[pri:0, instance:TestCases.TC002_login@63f8276e]" started-at="2024-10-22T10:18:25 IST" name="close" finished-at="2024-10-22T10:18:26 IST" duration-ms="887" status="PASS">
          <reporter-output>
          </reporter-output>
        </test-method> <!-- close -->
      </class> <!-- TestCases.TC002_login -->
      <class name="TestCases.TC_AccountRegTest">
        <test-method is-config="true" signature="setup(java.lang.String,java.lang.String)[pri:0, instance:TestCases.TC_AccountRegTest@3da05287]" started-at="2024-10-22T10:17:12 IST" name="setup" finished-at="2024-10-22T10:17:35 IST" duration-ms="22752" status="PASS">
          <params>
            <param index="0">
              <value>
                <![CDATA[windows]]>
              </value>
            </param>
            <param index="1">
              <value>
                <![CDATA[chrome]]>
              </value>
            </param>
          </params>
          <reporter-output>
          </reporter-output>
        </test-method> <!-- setup -->
        <test-method signature="regester()[pri:0, instance:TestCases.TC_AccountRegTest@3da05287]" started-at="2024-10-22T10:17:35 IST" name="regester" finished-at="2024-10-22T10:17:58 IST" duration-ms="22996" status="PASS">
          <reporter-output>
          </reporter-output>
        </test-method> <!-- regester -->
        <test-method is-config="true" signature="close()[pri:0, instance:TestCases.TC_AccountRegTest@3da05287]" started-at="2024-10-22T10:17:58 IST" name="close" finished-at="2024-10-22T10:18:01 IST" duration-ms="2384" status="PASS">
          <reporter-output>
          </reporter-output>
        </test-method> <!-- close -->
      </class> <!-- TestCases.TC_AccountRegTest -->
    </test> <!-- Test1 -->
  </suite> <!-- Suite -->
</testng-results>
