<?xml version="1.0" encoding="UTF-8"?>
<testng-results ignored="0" total="1" passed="1" failed="0" skipped="0">
  <reporter-output>
  </reporter-output>
  <suite started-at="2024-10-22T09:12:14 IST" name="Suite" finished-at="2024-10-22T09:15:47 IST" duration-ms="213480">
    <groups>
      <group name="Master">
        <method signature="TC_AccountRegTest.regester()[pri:0, instance:TestCases.TC_AccountRegTest@8692d67]" name="regester" class="TestCases.TC_AccountRegTest"/>
        <method signature="TC002_login.verificyLogin()[pri:0, instance:TestCases.TC002_login@4097cac]" name="verificyLogin" class="TestCases.TC002_login"/>
      </group> <!-- Master -->
      <group name="Regression">
        <method signature="TC_AccountRegTest.regester()[pri:0, instance:TestCases.TC_AccountRegTest@8692d67]" name="regester" class="TestCases.TC_AccountRegTest"/>
      </group> <!-- Regression -->
      <group name="sanity">
        <method signature="TC002_login.verificyLogin()[pri:0, instance:TestCases.TC002_login@4097cac]" name="verificyLogin" class="TestCases.TC002_login"/>
      </group> <!-- sanity -->
    </groups>
    <test started-at="2024-10-22T09:12:14 IST" name="Test1" finished-at="2024-10-22T09:15:47 IST" duration-ms="213480">
      <class name="TestCases.TC_AccountRegTest">
        <test-method is-config="true" signature="setup(java.lang.String,java.lang.String)[pri:0, instance:TestCases.TC_AccountRegTest@8692d67]" started-at="2024-10-22T09:12:16 IST" name="setup" finished-at="2024-10-22T09:13:26 IST" duration-ms="70141" status="PASS">
          <params>
            <param index="0">
              <value>
                <![CDATA[windows]]>
              </value>
            </param>
            <param index="1">
              <value>
                <![CDATA[chrome]]>
              </value>
            </param>
          </params>
          <reporter-output>
          </reporter-output>
        </test-method> <!-- setup -->
        <test-method signature="regester()[pri:0, instance:TestCases.TC_AccountRegTest@8692d67]" started-at="2024-10-22T09:13:27 IST" name="regester" finished-at="2024-10-22T09:15:41 IST" duration-ms="134466" status="PASS">
          <reporter-output>
          </reporter-output>
        </test-method> <!-- regester -->
        <test-method is-config="true" signature="close()[pri:0, instance:TestCases.TC_AccountRegTest@8692d67]" started-at="2024-10-22T09:15:41 IST" name="close" finished-at="2024-10-22T09:15:47 IST" duration-ms="6145" status="PASS">
          <reporter-output>
          </reporter-output>
        </test-method> <!-- close -->
      </class> <!-- TestCases.TC_AccountRegTest -->
    </test> <!-- Test1 -->
  </suite> <!-- Suite -->
</testng-results>
